d:\code\zhuru\consoleapplication1\consoleapplication1\x64\debug\vc142.pdb
d:\code\zhuru\consoleapplication1\consoleapplication1\x64\debug\vc142.idb
d:\code\zhuru\consoleapplication1\consoleapplication1\x64\debug\suspendprocessinjector.obj
d:\code\zhuru\consoleapplication1\consoleapplication1\x64\debug\setwindowshookexinjector.obj
d:\code\zhuru\consoleapplication1\consoleapplication1\x64\debug\peinjector.obj
d:\code\zhuru\consoleapplication1\consoleapplication1\x64\debug\dllinjectorbase.obj
d:\code\zhuru\consoleapplication1\consoleapplication1\x64\debug\createremotethreadinjector.obj
d:\code\zhuru\consoleapplication1\consoleapplication1\x64\debug\consoleapplication1.obj
d:\code\zhuru\consoleapplication1\consoleapplication1\x64\debug\apcinjector.obj
d:\code\zhuru\consoleapplication1\consoleapplication1\x64\debug\consoleapplication1.ilk
d:\code\zhuru\consoleapplication1\x64\debug\consoleapplication1.exe
d:\code\zhuru\consoleapplication1\x64\debug\consoleapplication1.pdb
d:\code\zhuru\injections\consoleapplication1\x64\debug\apcinjector.obj
d:\code\zhuru\injections\consoleapplication1\x64\debug\consoleapplication1.obj
d:\code\zhuru\injections\consoleapplication1\x64\debug\createremotethreadinjector.obj
d:\code\zhuru\injections\consoleapplication1\x64\debug\dllinjectorbase.obj
d:\code\zhuru\injections\consoleapplication1\x64\debug\peinjector.obj
d:\code\zhuru\injections\consoleapplication1\x64\debug\setwindowshookexinjector.obj
d:\code\zhuru\injections\consoleapplication1\x64\debug\suspendprocessinjector.obj
d:\code\zhuru\injections\consoleapplication1\x64\debug\consoleapplication1.ilk
d:\code\zhuru\injections\consoleapplication1\x64\debug\vc142.idb
d:\code\zhuru\injections\consoleapplication1\x64\debug\vc142.pdb
d:\code\zhuru\injections\x64\debug\consoleapplication1.pdb
d:\code\zhuru\injections\x64\debug\consoleapplication1.exe
d:\code\zhuru\injections\consoleapplication1\x64\debug\consolea.250047ba.tlog\cl.command.1.tlog
d:\code\zhuru\injections\consoleapplication1\x64\debug\consolea.250047ba.tlog\cl.read.1.tlog
d:\code\zhuru\injections\consoleapplication1\x64\debug\consolea.250047ba.tlog\cl.write.1.tlog
d:\code\zhuru\injections\consoleapplication1\x64\debug\consolea.250047ba.tlog\link.command.1.tlog
d:\code\zhuru\injections\consoleapplication1\x64\debug\consolea.250047ba.tlog\link.read.1.tlog
d:\code\zhuru\injections\consoleapplication1\x64\debug\consolea.250047ba.tlog\link.write.1.tlog
